<?xml version="1.0" encoding="UTF-8"?>
<!-- Generated by org.testng.reporters.JUnitReportReporter -->
<testsuite hostname="MANSINGH" failures="0" tests="1" name="org.eva.vtigercrm5.core.TestAnnotationDefWithFlow" time="0.006" errors="0" timestamp="2023-10-18T11:41:12 IST" skipped="0">
  <testcase classname="org.eva.vtigercrm5.core.TestAnnotationDefWithFlow" name="test1" time="0.006"/>
</testsuite> <!-- org.eva.vtigercrm5.core.TestAnnotationDefWithFlow -->
