<?xml version="1.0" encoding="UTF-8"?>
<!-- Generated by org.testng.reporters.JUnitReportReporter -->
<testsuite hostname="MANSINGH" failures="0" tests="1" name="org.eva.vtigercrm5automaion.testscripts.InventryInvoiceTestScripts" time="83.045" errors="0" timestamp="2023-10-17T21:56:22 IST" skipped="0">
  <testcase classname="org.eva.vtigercrm5automaion.testscripts.InventryInvoiceTestScripts" name="verifyVT0010AccountAndContactAddOnInvoiceForm" time="83.045"/>
</testsuite> <!-- org.eva.vtigercrm5automaion.testscripts.InventryInvoiceTestScripts -->
