<?xml version="1.0" encoding="UTF-8"?>
<!-- Generated by org.testng.reporters.JUnitReportReporter -->
<testsuite hostname="MANSINGH" failures="0" tests="1" name="org.eva.vtigercrm5automaion.testscripts.MarketingLeadsTestScripts" time="27.051" errors="0" timestamp="2023-10-17T00:57:50 IST" skipped="0">
  <testcase classname="org.eva.vtigercrm5automaion.testscripts.MarketingLeadsTestScripts" name="verifyVT006SearchLeads" time="27.051"/>
</testsuite> <!-- org.eva.vtigercrm5automaion.testscripts.MarketingLeadsTestScripts -->
