<?xml version="1.0" encoding="UTF-8"?>
<!-- Generated by org.testng.reporters.JUnitReportReporter -->
<testsuite hostname="MANSINGH" failures="0" tests="2" name="org.eva.vtigercrm5.core.DataProviderConcept" time="0.024" errors="0" timestamp="2023-12-21T15:17:19 IST" skipped="0">
  <testcase classname="org.eva.vtigercrm5.core.DataProviderConcept" name="checkData" time="0.020"/>
  <testcase classname="org.eva.vtigercrm5.core.DataProviderConcept" name="checkData" time="0.004"/>
</testsuite> <!-- org.eva.vtigercrm5.core.DataProviderConcept -->
