<?xml version="1.0" encoding="UTF-8"?>
<!-- Generated by org.testng.reporters.JUnitReportReporter -->
<testsuite hostname="MANSINGH" failures="0" tests="4" name="org.eva.vtigercrm5.utils.DataDrivenApproachByManSingh" time="1.384" errors="0" timestamp="2023-12-18T23:58:25 IST" skipped="0">
  <testcase classname="org.eva.vtigercrm5.utils.DataDrivenApproachByManSingh" name="TestData" time="1.360"/>
  <testcase classname="org.eva.vtigercrm5.utils.DataDrivenApproachByManSingh" name="verifyVT001CreateAccount" time="0.008"/>
  <testcase classname="org.eva.vtigercrm5.utils.DataDrivenApproachByManSingh" name="verifyVT001CreateAccount" time="0.008"/>
  <testcase classname="org.eva.vtigercrm5.utils.DataDrivenApproachByManSingh" name="verifyVT001CreateAccount" time="0.008"/>
</testsuite> <!-- org.eva.vtigercrm5.utils.DataDrivenApproachByManSingh -->
