<?xml version="1.0" encoding="UTF-8"?>
<!-- Generated by org.testng.reporters.JUnitReportReporter -->
<testsuite hostname="MANSINGH" failures="0" tests="1" name="org.eva.vtigercrm5automaion.testscripts.MarketingAccountTestScripts" time="31.907" errors="0" timestamp="2023-10-17T13:42:00 IST" skipped="0">
  <testcase classname="org.eva.vtigercrm5automaion.testscripts.MarketingAccountTestScripts" name="verifyVT001CreateAccount" time="31.907"/>
</testsuite> <!-- org.eva.vtigercrm5automaion.testscripts.MarketingAccountTestScripts -->
