<?xml version="1.0" encoding="UTF-8"?>
<!-- Generated by org.testng.reporters.JUnitReportReporter -->
<testsuite hostname="MANSINGH" failures="0" tests="1" name="org.eva.vtigercrm5automaion.testscripts.TestTestNG2" time="0.013" errors="0" timestamp="2023-10-13T16:16:13 IST" skipped="0">
  <testcase classname="org.eva.vtigercrm5automaion.testscripts.TestTestNG2" name="test1" time="0.013"/>
</testsuite> <!-- org.eva.vtigercrm5automaion.testscripts.TestTestNG2 -->
