<?xml version="1.0" encoding="UTF-8"?>
<!-- Generated by org.testng.reporters.JUnitReportReporter -->
<testsuite hostname="MANSINGH" failures="0" tests="1" name="org.eva.vtigercrm5.core.TestAssertion" time="0.023" errors="0" timestamp="2023-10-22T22:22:19 IST" skipped="0">
  <testcase classname="org.eva.vtigercrm5.core.TestAssertion" name="softAssert2" time="0.023"/>
</testsuite> <!-- org.eva.vtigercrm5.core.TestAssertion -->
