<?xml version="1.0" encoding="UTF-8"?>
<!-- Generated by org.testng.reporters.JUnitReportReporter -->
<testsuite hostname="MANSINGH" failures="0" tests="4" name="org.eva.vtigercrm5.inventorytestscripts.InventryInvoiceTestScripts" time="0.190" errors="0" timestamp="2023-12-18T12:43:47 IST" skipped="0">
  <testcase classname="org.eva.vtigercrm5.inventorytestscripts.InventryInvoiceTestScripts" name="verifyVT0010AccountAndContactAddOnInvoiceForm" time="0.069"/>
  <testcase classname="org.eva.vtigercrm5.inventorytestscripts.InventryInvoiceTestScripts" name="verifyVT0010AccountAndContactAddOnInvoiceForm" time="0.034"/>
  <testcase classname="org.eva.vtigercrm5.inventorytestscripts.InventryInvoiceTestScripts" name="verifyVT0010AccountAndContactAddOnInvoiceForm" time="0.084"/>
  <testcase classname="org.eva.vtigercrm5.inventorytestscripts.InventryInvoiceTestScripts" name="verifyVT0010AccountAndContactAddOnInvoiceForm" time="0.003"/>
</testsuite> <!-- org.eva.vtigercrm5.inventorytestscripts.InventryInvoiceTestScripts -->
