<?xml version="1.0" encoding="UTF-8"?>
<!-- Generated by org.testng.reporters.JUnitReportReporter -->
<testsuite hostname="MANSINGH" failures="0" tests="1" name="org.eva.vtigercrm5automaion.testscripts.TestCaseExecutionFlow" time="0.017" errors="0" timestamp="2023-10-17T00:40:13 IST" skipped="0">
  <testcase classname="org.eva.vtigercrm5automaion.testscripts.TestCaseExecutionFlow" name="testCase" time="0.017"/>
</testsuite> <!-- org.eva.vtigercrm5automaion.testscripts.TestCaseExecutionFlow -->
