<?xml version="1.0" encoding="UTF-8"?>
<!-- Generated by org.testng.reporters.JUnitReportReporter -->
<testsuite hostname="MANSINGH" failures="0" tests="5" name="org.eva.vtigercrm5.inventorytestscripts.InventryInvoiceTestScripts" time="2.778" errors="1" timestamp="2023-12-19T00:45:02 IST" skipped="4">
  <testcase classname="org.eva.vtigercrm5.inventorytestscripts.InventryInvoiceTestScripts" name="verifyVT0010AccountAndContactAddOnInvoiceForm" time="0.000">
    <skipped/>
  </testcase> <!-- verifyVT0010AccountAndContactAddOnInvoiceForm -->
  <testcase classname="org.eva.vtigercrm5.inventorytestscripts.InventryInvoiceTestScripts" name="beforeTestCases" time="2.778">
    <error message="Cannot invoke &quot;org.openqa.selenium.WebDriver.get(String)&quot; because &quot;this.driver&quot; is null" type="java.lang.NullPointerException">
      <![CDATA[java.lang.NullPointerException: Cannot invoke "org.openqa.selenium.WebDriver.get(String)" because "this.driver" is null
at org.eva.vtigercrm5.utils.WebUtil.openUrl(WebUtil.java:594)
at org.eva.vtigercrm5.core.BaseTest.beforeTestCases(BaseTest.java:64)
at java.base/jdk.internal.reflect.DirectMethodHandleAccessor.invoke(DirectMethodHandleAccessor.java:104)
at java.base/java.lang.reflect.Method.invoke(Method.java:578)
at org.testng.internal.invokers.MethodInvocationHelper.invokeMethod(MethodInvocationHelper.java:139)
at org.testng.internal.invokers.MethodInvocationHelper.invokeMethodConsideringTimeout(MethodInvocationHelper.java:69)
at org.testng.internal.invokers.ConfigInvoker.invokeConfigurationMethod(ConfigInvoker.java:390)
at org.testng.internal.invokers.ConfigInvoker.invokeConfigurations(ConfigInvoker.java:325)
at org.testng.internal.invokers.TestMethodWorker.invokeBeforeClassMethods(TestMethodWorker.java:180)
at org.testng.internal.invokers.TestMethodWorker.run(TestMethodWorker.java:122)
at java.base/java.util.ArrayList.forEach(ArrayList.java:1511)
at org.testng.TestRunner.privateRun(TestRunner.java:848)
at org.testng.TestRunner.run(TestRunner.java:621)
at org.testng.SuiteRunner.runTest(SuiteRunner.java:443)
at org.testng.SuiteRunner.runSequentially(SuiteRunner.java:437)
at org.testng.SuiteRunner.privateRun(SuiteRunner.java:397)
at org.testng.SuiteRunner.run(SuiteRunner.java:336)
at org.testng.SuiteRunnerWorker.runSuite(SuiteRunnerWorker.java:52)
at org.testng.SuiteRunnerWorker.run(SuiteRunnerWorker.java:95)
at org.testng.TestNG.runSuitesSequentially(TestNG.java:1280)
at org.testng.TestNG.runSuitesLocally(TestNG.java:1200)
at org.testng.TestNG.runSuites(TestNG.java:1114)
at org.testng.TestNG.run(TestNG.java:1082)
at org.testng.remote.AbstractRemoteTestNG.run(AbstractRemoteTestNG.java:115)
at org.testng.remote.RemoteTestNG.initAndRun(RemoteTestNG.java:251)
at org.testng.remote.RemoteTestNG.main(RemoteTestNG.java:77)
]]>
    </error>
  </testcase> <!-- beforeTestCases -->
  <testcase classname="org.eva.vtigercrm5.inventorytestscripts.InventryInvoiceTestScripts" name="verifyVT0010AccountAndContactAddOnInvoiceForm" time="0.000">
    <skipped/>
  </testcase> <!-- verifyVT0010AccountAndContactAddOnInvoiceForm -->
  <testcase classname="org.eva.vtigercrm5.inventorytestscripts.InventryInvoiceTestScripts" name="verifyVT0010AccountAndContactAddOnInvoiceForm" time="0.000">
    <skipped/>
  </testcase> <!-- verifyVT0010AccountAndContactAddOnInvoiceForm -->
  <testcase classname="org.eva.vtigercrm5.inventorytestscripts.InventryInvoiceTestScripts" name="verifyVT0010AccountAndContactAddOnInvoiceForm" time="0.000">
    <skipped/>
  </testcase> <!-- verifyVT0010AccountAndContactAddOnInvoiceForm -->
</testsuite> <!-- org.eva.vtigercrm5.inventorytestscripts.InventryInvoiceTestScripts -->
