<?xml version="1.0" encoding="UTF-8"?>
<!-- Generated by org.testng.reporters.JUnitReportReporter -->
<testsuite hostname="MANSINGH" failures="0" tests="2" name="org.eva.vtigercrm5.core.DataProviderConcept" time="0.073" errors="0" timestamp="2023-11-11T09:03:34 IST" skipped="0">
  <testcase classname="org.eva.vtigercrm5.core.DataProviderConcept" name="checkData" time="0.068"/>
  <testcase classname="org.eva.vtigercrm5.core.DataProviderConcept" name="checkData" time="0.005"/>
</testsuite> <!-- org.eva.vtigercrm5.core.DataProviderConcept -->
